
ROM used:   280/16384 (1%)
            280/16384 (1%) including unused fragments

            0.3 Average locations per line
            14.7 Average locations per statement

RAM used:   8/2048 (0%) at main() level
            9/2048 (0%) worst case

Stack used: 1 worst case (1 in main + 0 for interrupts)
Stack size: 31

Lines Stmts  %   Files
----- ----- ---  -----
   34    19 100  main.c
  821     0   0  ..\..\..\..\..\..\..\Program Files (x86)\PICC\Devices\18F4550.h
----- -----
  855    19 Total

Page ROM  %  RAM   Vol Diff  Functions:
---- --- --- ---   --- ----  ----------
0     38   7    1             @delay_ms1
0    238  42    0   439  2.8  main
 Inline         0             @cinit1

Program metrics:
    Functions               1
    Statements              19
    Comments                161
    Volume (V)              444
    Difficulty (D)          2.7
    Effort to implement (E) 1203
    Time to implement (T)   1 minutes
    Est Delivered Bugs (B)  0
    Cyclomatic Complexity   1
    Maintainability (MI)    127

 Segment     Used  Free
-----------  ----  ----
00000-00002     4  0  
00004-07FFE   276  32488  



