
ROM used:   648/2048 (32%)
            648/2048 (32%) including unused fragments

            0.6 Average locations per line
            3.3 Average locations per statement

RAM used:   27/128 (21%) at main() level
            35/128 (27%) worst case

Stack used: 7 worst case (3 in main + 4 for interrupts)
Stack size: 8

Lines Stmts  %   Files
----- ----- ---  -----
  385   197 100  prjGarrafaH2_16F687.c
  651     0   0  C:\Program Files (x86)\PICC\Devices\16F687.h
----- -----
 1036   197 Total

Page ROM  %  RAM   Vol Diff  Functions:
---- --- --- ---   --- ----  ----------
0     20   3    1             @delay_ms1
0    145  22    0    27  0.9  interrupt
0    146  23    2   874  4.8  MAIN
0     13   2    0   197  1.8  inicializar
 Inline         1  1386  6.8  Clock_PIC
0     37   6    2             @MUL88
0      4   1    0    50  1.5  zerarClock
0     19   3    0   121  2.6  PoloPN
 Inline         0   121  2.6  PoloNP
0     15   2    0    88  1.7  Aterrar
0     24   4    0   181  2.7  Start
0     24   4    0   202  3.1  Stop
0     22   3    2   174  4.0  buzzer
0     52   8    3   475  5.7  piscaLED
0     78  12    2   941  4.4  check_PressBtn
 Inline         0             @cinit1

Program metrics:
    Functions               13
    Statements              197
    Comments                224
    Volume (V)              7578
    Difficulty (D)          43.0
    Effort to implement (E) 325788
    Time to implement (T)   5 hours, 2 minutes
    Est Delivered Bugs (B)  2
    Cyclomatic Complexity   36
    Maintainability (MI)    101

 Segment     Used  Free
-----------  ----  ----
00000-00003     4  0  
00004-00030    45  0  
00031-007FF   599  1400  



