
ROM used:   683/1024 (67%)
            683/1024 (67%) including unused fragments

            0.6 Average locations per line
            3.2 Average locations per statement

RAM used:   31/64 (48%) at main() level
            39/64 (61%) worst case

Stack used: 7 worst case (3 in main + 4 for interrupts)
Stack size: 8

Lines Stmts  %   Files
----- ----- ---  -----
  563   211 100  prjGarrafaH2_16F676.c
  499     0   0  C:\Program Files (x86)\PICC\Devices\16F676.h
----- -----
 1062   211 Total

Page ROM  %  RAM   Vol Diff  Functions:
---- --- --- ---   --- ----  ----------
0     20   3    1             @delay_ms1
0    143  21    0    27  0.9  interrupt
0    135  20    2   984  4.8  MAIN
0     13   2    0   197  1.8  inicializar
 Inline         0  1383  6.8  Clock_PIC
0     37   5    2             @MUL88
0      4   1    0    50  1.5  zerarClock
0     15   2    0   100  2.5  PoloPN
 Inline         0   100  2.5  PoloNP
0     15   2    0    88  1.7  Aterrar
0     16   2    0   136  2.6  Start
0     20   3    0   179  3.1  Stop
0     22   3    2   174  4.0  buzzer
0     70  10    3   622  5.6  piscaLED
0     57   8    2   503  4.7  checkPressBtn
0     54   8    2   642  4.3  checkBordaUpBtn
 Inline         0             @cinit1

Program metrics:
    Functions               14
    Statements              211
    Comments                377
    Volume (V)              8247
    Difficulty (D)          47.6
    Effort to implement (E) 392833
    Time to implement (T)   6 hours, 4 minutes
    Est Delivered Bugs (B)  2
    Cyclomatic Complexity   40
    Maintainability (MI)    142

 Segment     Used  Free
-----------  ----  ----
00000-00003     4  0  
00004-00037    52  0  
00038-003FF   627  341  



