
ROM used:   353/4096 (9%)
            353/4096 (9%) including unused fragments

            0.4 Average locations per line
            9.5 Average locations per statement

RAM used:   27/383 (7%) at main() level
            56/383 (15%) worst case

Stack used: 3 worst case (1 in main + 2 for interrupts)
Stack size: 16

Lines Stmts  %   Files
----- ----- ---  -----
  114    37 100  main.c
   12     0   0  main.h
  881     0   0  ..\..\..\..\..\..\..\Program Files (x86)\PICC\Devices\16F1827.h
----- -----
 1007    37 Total

Page ROM  %  RAM   Vol Diff  Functions:
---- --- --- ---   --- ----  ----------
0     23   7    1             @delay_ms1
0    145  41    0    21  0.9  RDA_isr
0     40  11    1   106  1.7  MAIN
 Inline        15   808  6.4  lerPortaCom
0      3   1    0   351  7.0  @const657
0     75  21    4   106  1.7  @PSTRINGC7_2400_106_105
0      3   1    0   808  6.4  @const660
0      3   1    0   106  1.7  @const661
0      3   1    0   343  8.6  @const662
0      5   1    0   266  6.5  @const665
0      3   1    0   153  4.7  @const666
 Inline         2   315  6.5  @PSTRINGR_2400_106_105
0      9   3    0   288  6.0  @const668
0      9   3    0   209  5.2  @const669
 Inline         0   346  7.5  @cinit1

Program metrics:
    Functions               14
    Statements              37
    Comments                178
    Volume (V)              7026
    Difficulty (D)          70.7
    Effort to implement (E) 496624
    Time to implement (T)   7 hours, 40 minutes
    Est Delivered Bugs (B)  2
    Cyclomatic Complexity   33
    Maintainability (MI)    88

 Segment     Used  Free
-----------  ----  ----
00000-00002     3  0  
00003-00003     0  1  
00004-00020    29  0  
00021-007FF   321  1694  
00800-00FFF     0  2048  



